# JRE version: Java(TM) SE Runtime Environment (8.0_65-b17) (build 1.8.0_65-b17)
# Java VM: Java HotSpot(TM) 64-Bit Server VM (25.65-b01 mixed mode windows-amd64 compressed oops)
Heap:
 par new generation   total 306688K, used 95524K [0x00000000c0000000, 0x00000000d4cc0000, 0x00000000d4cc0000)
  eden space 272640K,  26% used [0x00000000c0000000, 0x00000000c469b480, 0x00000000d0a40000)
  from space 34048K,  68% used [0x00000000d2b80000, 0x00000000d422dc40, 0x00000000d4cc0000)
  to   space 34048K,   0% used [0x00000000d0a40000, 0x00000000d0a40000, 0x00000000d2b80000)
 concurrent mark-sweep generation total 707840K, used 5338K [0x00000000d4cc0000, 0x0000000100000000, 0x0000000100000000)
 Metaspace       used 17842K, capacity 18076K, committed 18432K, reserved 1064960K
  class space    used 2175K, capacity 2246K, committed 2304K, reserved 1048576K
GC Heap History (4 events):
Event: 0.940 GC heap before
{Heap before GC invocations=0 (full 0):
 par new generation   total 306688K, used 49094K [0x00000000c0000000, 0x00000000d4cc0000, 0x00000000d4cc0000)
  eden space 272640K,  18% used [0x00000000c0000000, 0x00000000c2ff1930, 0x00000000d0a40000)
  from space 34048K,   0% used [0x00000000d0a40000, 0x00000000d0a40000, 0x00000000d2b80000)
  to   space 34048K,   0% used [0x00000000d2b80000, 0x00000000d2b80000, 0x00000000d4cc0000)
 concurrent mark-sweep generation total 707840K, used 0K [0x00000000d4cc0000, 0x0000000100000000, 0x0000000100000000)
 Metaspace       used 9830K, capacity 9930K, committed 9984K, reserved 1058816K
  class space    used 1209K, capacity 1235K, committed 1280K, reserved 1048576K
Event: 0.968 GC heap after
Heap after GC invocations=1 (full 1):
 par new generation   total 306688K, used 0K [0x00000000c0000000, 0x00000000d4cc0000, 0x00000000d4cc0000)
  eden space 272640K,   0% used [0x00000000c0000000, 0x00000000c0000000, 0x00000000d0a40000)
  from space 34048K,   0% used [0x00000000d0a40000, 0x00000000d0a40000, 0x00000000d2b80000)
  to   space 34048K,   0% used [0x00000000d2b80000, 0x00000000d2b80000, 0x00000000d4cc0000)
 concurrent mark-sweep generation total 707840K, used 5338K [0x00000000d4cc0000, 0x0000000100000000, 0x0000000100000000)
 Metaspace       used 9830K, capacity 9930K, committed 9984K, reserved 1058816K
  class space    used 1209K, capacity 1235K, committed 1280K, reserved 1048576K
}
Event: 4.684 GC heap before
{Heap before GC invocations=1 (full 2):
 par new generation   total 306688K, used 272640K [0x00000000c0000000, 0x00000000d4cc0000, 0x00000000d4cc0000)
  eden space 272640K, 100% used [0x00000000c0000000, 0x00000000d0a40000, 0x00000000d0a40000)
  from space 34048K,   0% used [0x00000000d0a40000, 0x00000000d0a40000, 0x00000000d2b80000)
  to   space 34048K,   0% used [0x00000000d2b80000, 0x00000000d2b80000, 0x00000000d4cc0000)
 concurrent mark-sweep generation total 707840K, used 5338K [0x00000000d4cc0000, 0x0000000100000000, 0x0000000100000000)
 Metaspace       used 15515K, capacity 15688K, committed 15744K, reserved 1062912K
  class space    used 1851K, capacity 1918K, committed 1920K, reserved 1048576K
Event: 4.709 GC heap after
Heap after GC invocations=2 (full 2):
 par new generation   total 306688K, used 23223K [0x00000000c0000000, 0x00000000d4cc0000, 0x00000000d4cc0000)
  eden space 272640K,   0% used [0x00000000c0000000, 0x00000000c0000000, 0x00000000d0a40000)
  from space 34048K,  68% used [0x00000000d2b80000, 0x00000000d422dc40, 0x00000000d4cc0000)
  to   space 34048K,   0% used [0x00000000d0a40000, 0x00000000d0a40000, 0x00000000d2b80000)
 concurrent mark-sweep generation total 707840K, used 5338K [0x00000000d4cc0000, 0x0000000100000000, 0x0000000100000000)
 Metaspace       used 15515K, capacity 15688K, committed 15744K, reserved 1062912K
  class space    used 1851K, capacity 1918K, committed 1920K, reserved 1048576K
}

